2023-07-09 15:13:04.370  INFO 3804 --- [main] searchengine.Application                 : Starting Application using Java 17.0.7 on DESKTOP-TJDGJRT with PID 3804 (F:\Information\SearhEngine\target\classes started by den11 in F:\Information\SearhEngine)
2023-07-09 15:13:04.380  INFO 3804 --- [main] searchengine.Application                 : The following 1 profile is active: "mysql"
2023-07-09 15:13:05.144  INFO 3804 --- [main] .s.d.r.c.RepositoryConfigurationDelegate : Bootstrapping Spring Data JPA repositories in DEFAULT mode.
2023-07-09 15:13:05.241  INFO 3804 --- [main] .s.d.r.c.RepositoryConfigurationDelegate : Finished Spring Data repository scanning in 85 ms. Found 5 JPA repository interfaces.
2023-07-09 15:13:05.907  INFO 3804 --- [main] o.s.b.w.embedded.tomcat.TomcatWebServer  : Tomcat initialized with port(s): 8080 (http)
2023-07-09 15:13:05.918  INFO 3804 --- [main] o.apache.catalina.core.StandardService   : Starting service [Tomcat]
2023-07-09 15:13:05.919  INFO 3804 --- [main] org.apache.catalina.core.StandardEngine  : Starting Servlet engine: [Apache Tomcat/9.0.65]
2023-07-09 15:13:06.051  INFO 3804 --- [main] o.a.c.c.C.[Tomcat].[localhost].[/]       : Initializing Spring embedded WebApplicationContext
2023-07-09 15:13:06.052  INFO 3804 --- [main] w.s.c.ServletWebServerApplicationContext : Root WebApplicationContext: initialization completed in 1592 ms
2023-07-09 15:13:06.284  INFO 3804 --- [main] o.hibernate.jpa.internal.util.LogHelper  : HHH000204: Processing PersistenceUnitInfo [name: default]
2023-07-09 15:13:06.348  INFO 3804 --- [main] org.hibernate.Version                    : HHH000412: Hibernate ORM core version 5.6.10.Final
2023-07-09 15:13:06.523  INFO 3804 --- [main] o.hibernate.annotations.common.Version   : HCANN000001: Hibernate Commons Annotations {5.1.2.Final}
2023-07-09 15:13:06.632  INFO 3804 --- [main] com.zaxxer.hikari.HikariDataSource       : HikariPool-1 - Starting...
2023-07-09 15:13:07.050  INFO 3804 --- [main] com.zaxxer.hikari.HikariDataSource       : HikariPool-1 - Start completed.
2023-07-09 15:13:07.081  INFO 3804 --- [main] org.hibernate.dialect.Dialect            : HHH000400: Using dialect: org.hibernate.dialect.MySQL8Dialect
2023-07-09 15:13:07.858  INFO 3804 --- [main] o.h.e.t.j.p.i.JtaPlatformInitiator       : HHH000490: Using JtaPlatform implementation: [org.hibernate.engine.transaction.jta.platform.internal.NoJtaPlatform]
2023-07-09 15:13:07.866  INFO 3804 --- [main] j.LocalContainerEntityManagerFactoryBean : Initialized JPA EntityManagerFactory for persistence unit 'default'
2023-07-09 15:13:08.575  WARN 3804 --- [main] JpaBaseConfiguration$JpaWebConfiguration : spring.jpa.open-in-view is enabled by default. Therefore, database queries may be performed during view rendering. Explicitly configure spring.jpa.open-in-view to disable this warning
2023-07-09 15:13:08.721  INFO 3804 --- [main] o.s.b.a.w.s.WelcomePageHandlerMapping    : Adding welcome page template: index
2023-07-09 15:13:08.931  INFO 3804 --- [main] o.s.b.w.embedded.tomcat.TomcatWebServer  : Tomcat started on port(s): 8080 (http) with context path ''
2023-07-09 15:13:08.941  INFO 3804 --- [main] searchengine.Application                 : Started Application in 5.159 seconds (JVM running for 5.686)
2023-07-09 15:13:14.177  INFO 3804 --- [http-nio-8080-exec-1] o.a.c.c.C.[Tomcat].[localhost].[/]       : Initializing Spring DispatcherServlet 'dispatcherServlet'
2023-07-09 15:13:14.177  INFO 3804 --- [http-nio-8080-exec-1] o.s.web.servlet.DispatcherServlet        : Initializing Servlet 'dispatcherServlet'
2023-07-09 15:13:14.178  INFO 3804 --- [http-nio-8080-exec-1] o.s.web.servlet.DispatcherServlet        : Completed initialization in 0 ms
2023-07-09 15:13:28.573  INFO 3804 --- [http-nio-8080-exec-2] s.controllers.SearchController           : Поисковый запрос: новости
2023-07-09 15:13:28.854  INFO 3804 --- [http-nio-8080-exec-2] s.controllers.SearchController           : Леммы: [новость]
2023-07-09 15:13:50.113  INFO 3804 --- [http-nio-8080-exec-3] s.controllers.SearchController           : Поисковый запрос: новости
2023-07-09 15:13:50.121  INFO 3804 --- [http-nio-8080-exec-3] s.controllers.SearchController           : Леммы: [новость]
2023-07-09 15:17:39.593  INFO 3804 --- [http-nio-8080-exec-4] s.controllers.SearchController           : Поисковый запрос: новости
2023-07-09 15:17:39.598  INFO 3804 --- [http-nio-8080-exec-4] s.controllers.SearchController           : Леммы: [новость]
2023-07-09 15:30:00.065  INFO 3804 --- [SpringApplicationShutdownHook] j.LocalContainerEntityManagerFactoryBean : Closing JPA EntityManagerFactory for persistence unit 'default'
2023-07-09 15:30:00.068  INFO 3804 --- [SpringApplicationShutdownHook] com.zaxxer.hikari.HikariDataSource       : HikariPool-1 - Shutdown initiated...
2023-07-09 15:30:00.108  INFO 3804 --- [SpringApplicationShutdownHook] com.zaxxer.hikari.HikariDataSource       : HikariPool-1 - Shutdown completed.
2023-07-09 15:39:19.686  INFO 4456 --- [main] searchengine.Application                 : Starting Application using Java 17.0.7 on DESKTOP-TJDGJRT with PID 4456 (F:\Information\SearhEngine\target\classes started by den11 in F:\Information\SearhEngine)
2023-07-09 15:39:19.690  INFO 4456 --- [main] searchengine.Application                 : The following 1 profile is active: "mysql"
2023-07-09 15:39:20.370  INFO 4456 --- [main] .s.d.r.c.RepositoryConfigurationDelegate : Bootstrapping Spring Data JPA repositories in DEFAULT mode.
2023-07-09 15:39:20.466  INFO 4456 --- [main] .s.d.r.c.RepositoryConfigurationDelegate : Finished Spring Data repository scanning in 85 ms. Found 5 JPA repository interfaces.
2023-07-09 15:39:21.103  INFO 4456 --- [main] o.s.b.w.embedded.tomcat.TomcatWebServer  : Tomcat initialized with port(s): 8080 (http)
2023-07-09 15:39:21.114  INFO 4456 --- [main] o.apache.catalina.core.StandardService   : Starting service [Tomcat]
2023-07-09 15:39:21.115  INFO 4456 --- [main] org.apache.catalina.core.StandardEngine  : Starting Servlet engine: [Apache Tomcat/9.0.65]
2023-07-09 15:39:21.248  INFO 4456 --- [main] o.a.c.c.C.[Tomcat].[localhost].[/]       : Initializing Spring embedded WebApplicationContext
2023-07-09 15:39:21.249  INFO 4456 --- [main] w.s.c.ServletWebServerApplicationContext : Root WebApplicationContext: initialization completed in 1502 ms
2023-07-09 15:39:21.461  INFO 4456 --- [main] o.hibernate.jpa.internal.util.LogHelper  : HHH000204: Processing PersistenceUnitInfo [name: default]
2023-07-09 15:39:21.509  INFO 4456 --- [main] org.hibernate.Version                    : HHH000412: Hibernate ORM core version 5.6.10.Final
2023-07-09 15:39:21.669  INFO 4456 --- [main] o.hibernate.annotations.common.Version   : HCANN000001: Hibernate Commons Annotations {5.1.2.Final}
2023-07-09 15:39:21.777  INFO 4456 --- [main] com.zaxxer.hikari.HikariDataSource       : HikariPool-1 - Starting...
2023-07-09 15:39:22.094  INFO 4456 --- [main] com.zaxxer.hikari.HikariDataSource       : HikariPool-1 - Start completed.
2023-07-09 15:39:22.122  INFO 4456 --- [main] org.hibernate.dialect.Dialect            : HHH000400: Using dialect: org.hibernate.dialect.MySQL8Dialect
2023-07-09 15:39:22.825  INFO 4456 --- [main] o.h.e.t.j.p.i.JtaPlatformInitiator       : HHH000490: Using JtaPlatform implementation: [org.hibernate.engine.transaction.jta.platform.internal.NoJtaPlatform]
2023-07-09 15:39:22.832  INFO 4456 --- [main] j.LocalContainerEntityManagerFactoryBean : Initialized JPA EntityManagerFactory for persistence unit 'default'
2023-07-09 15:39:23.513  WARN 4456 --- [main] JpaBaseConfiguration$JpaWebConfiguration : spring.jpa.open-in-view is enabled by default. Therefore, database queries may be performed during view rendering. Explicitly configure spring.jpa.open-in-view to disable this warning
2023-07-09 15:39:23.650  INFO 4456 --- [main] o.s.b.a.w.s.WelcomePageHandlerMapping    : Adding welcome page template: index
2023-07-09 15:39:23.832  WARN 4456 --- [main] ConfigServletWebServerApplicationContext : Exception encountered during context initialization - cancelling refresh attempt: org.springframework.context.ApplicationContextException: Failed to start bean 'webServerStartStop'; nested exception is org.springframework.boot.web.server.PortInUseException: Port 8080 is already in use
2023-07-09 15:39:23.835  INFO 4456 --- [main] j.LocalContainerEntityManagerFactoryBean : Closing JPA EntityManagerFactory for persistence unit 'default'
2023-07-09 15:39:23.837  INFO 4456 --- [main] com.zaxxer.hikari.HikariDataSource       : HikariPool-1 - Shutdown initiated...
2023-07-09 15:39:23.847  INFO 4456 --- [main] com.zaxxer.hikari.HikariDataSource       : HikariPool-1 - Shutdown completed.
2023-07-09 15:39:23.849  INFO 4456 --- [main] o.apache.catalina.core.StandardService   : Stopping service [Tomcat]
2023-07-09 15:39:23.862  INFO 4456 --- [main] ConditionEvaluationReportLoggingListener : 

Error starting ApplicationContext. To display the conditions report re-run your application with 'debug' enabled.
2023-07-09 15:39:23.879 ERROR 4456 --- [main] o.s.b.d.LoggingFailureAnalysisReporter   : 

***************************
APPLICATION FAILED TO START
***************************

Description:

Web server failed to start. Port 8080 was already in use.

Action:

Identify and stop the process that's listening on port 8080 or configure this application to listen on another port.

2023-07-09 15:39:38.192  INFO 18204 --- [main] searchengine.Application                 : Starting Application using Java 17.0.7 on DESKTOP-TJDGJRT with PID 18204 (F:\Information\SearhEngine\target\classes started by den11 in F:\Information\SearhEngine)
2023-07-09 15:39:38.195  INFO 18204 --- [main] searchengine.Application                 : The following 1 profile is active: "mysql"
2023-07-09 15:39:38.873  INFO 18204 --- [main] .s.d.r.c.RepositoryConfigurationDelegate : Bootstrapping Spring Data JPA repositories in DEFAULT mode.
2023-07-09 15:39:38.956  INFO 18204 --- [main] .s.d.r.c.RepositoryConfigurationDelegate : Finished Spring Data repository scanning in 72 ms. Found 5 JPA repository interfaces.
2023-07-09 15:39:39.574  INFO 18204 --- [main] o.s.b.w.embedded.tomcat.TomcatWebServer  : Tomcat initialized with port(s): 8080 (http)
2023-07-09 15:39:39.586  INFO 18204 --- [main] o.apache.catalina.core.StandardService   : Starting service [Tomcat]
2023-07-09 15:39:39.586  INFO 18204 --- [main] org.apache.catalina.core.StandardEngine  : Starting Servlet engine: [Apache Tomcat/9.0.65]
2023-07-09 15:39:39.717  INFO 18204 --- [main] o.a.c.c.C.[Tomcat].[localhost].[/]       : Initializing Spring embedded WebApplicationContext
2023-07-09 15:39:39.718  INFO 18204 --- [main] w.s.c.ServletWebServerApplicationContext : Root WebApplicationContext: initialization completed in 1466 ms
2023-07-09 15:39:39.935  INFO 18204 --- [main] o.hibernate.jpa.internal.util.LogHelper  : HHH000204: Processing PersistenceUnitInfo [name: default]
2023-07-09 15:39:39.984  INFO 18204 --- [main] org.hibernate.Version                    : HHH000412: Hibernate ORM core version 5.6.10.Final
2023-07-09 15:39:40.141  INFO 18204 --- [main] o.hibernate.annotations.common.Version   : HCANN000001: Hibernate Commons Annotations {5.1.2.Final}
2023-07-09 15:39:40.245  INFO 18204 --- [main] com.zaxxer.hikari.HikariDataSource       : HikariPool-1 - Starting...
2023-07-09 15:39:40.548  INFO 18204 --- [main] com.zaxxer.hikari.HikariDataSource       : HikariPool-1 - Start completed.
2023-07-09 15:39:40.576  INFO 18204 --- [main] org.hibernate.dialect.Dialect            : HHH000400: Using dialect: org.hibernate.dialect.MySQL8Dialect
2023-07-09 15:39:41.271  INFO 18204 --- [main] o.h.e.t.j.p.i.JtaPlatformInitiator       : HHH000490: Using JtaPlatform implementation: [org.hibernate.engine.transaction.jta.platform.internal.NoJtaPlatform]
2023-07-09 15:39:41.279  INFO 18204 --- [main] j.LocalContainerEntityManagerFactoryBean : Initialized JPA EntityManagerFactory for persistence unit 'default'
2023-07-09 15:39:41.959  WARN 18204 --- [main] JpaBaseConfiguration$JpaWebConfiguration : spring.jpa.open-in-view is enabled by default. Therefore, database queries may be performed during view rendering. Explicitly configure spring.jpa.open-in-view to disable this warning
2023-07-09 15:39:42.101  INFO 18204 --- [main] o.s.b.a.w.s.WelcomePageHandlerMapping    : Adding welcome page template: index
2023-07-09 15:39:42.302  INFO 18204 --- [main] o.s.b.w.embedded.tomcat.TomcatWebServer  : Tomcat started on port(s): 8080 (http) with context path ''
2023-07-09 15:39:42.313  INFO 18204 --- [main] searchengine.Application                 : Started Application in 4.598 seconds (JVM running for 5.073)
2023-07-09 15:39:56.606  INFO 18204 --- [http-nio-8080-exec-1] o.a.c.c.C.[Tomcat].[localhost].[/]       : Initializing Spring DispatcherServlet 'dispatcherServlet'
2023-07-09 15:39:56.607  INFO 18204 --- [http-nio-8080-exec-1] o.s.web.servlet.DispatcherServlet        : Initializing Servlet 'dispatcherServlet'
2023-07-09 15:39:56.608  INFO 18204 --- [http-nio-8080-exec-1] o.s.web.servlet.DispatcherServlet        : Completed initialization in 1 ms
2023-07-09 15:40:01.819  INFO 18204 --- [http-nio-8080-exec-3] s.controllers.SearchController           : Поисковый запрос: новости
2023-07-09 15:40:02.087  INFO 18204 --- [http-nio-8080-exec-3] s.controllers.SearchController           : Леммы: [новость]
2023-07-09 15:55:56.706  INFO 18204 --- [SpringApplicationShutdownHook] j.LocalContainerEntityManagerFactoryBean : Closing JPA EntityManagerFactory for persistence unit 'default'
2023-07-09 15:55:56.708  INFO 18204 --- [SpringApplicationShutdownHook] com.zaxxer.hikari.HikariDataSource       : HikariPool-1 - Shutdown initiated...
2023-07-09 15:55:56.715  INFO 18204 --- [SpringApplicationShutdownHook] com.zaxxer.hikari.HikariDataSource       : HikariPool-1 - Shutdown completed.
2023-07-09 15:56:02.047  INFO 10816 --- [main] searchengine.Application                 : Starting Application using Java 17.0.7 on DESKTOP-TJDGJRT with PID 10816 (F:\Information\SearhEngine\target\classes started by den11 in F:\Information\SearhEngine)
2023-07-09 15:56:02.051  INFO 10816 --- [main] searchengine.Application                 : The following 1 profile is active: "mysql"
2023-07-09 15:56:02.751  INFO 10816 --- [main] .s.d.r.c.RepositoryConfigurationDelegate : Bootstrapping Spring Data JPA repositories in DEFAULT mode.
2023-07-09 15:56:02.841  INFO 10816 --- [main] .s.d.r.c.RepositoryConfigurationDelegate : Finished Spring Data repository scanning in 78 ms. Found 5 JPA repository interfaces.
2023-07-09 15:56:03.501  INFO 10816 --- [main] o.s.b.w.embedded.tomcat.TomcatWebServer  : Tomcat initialized with port(s): 8080 (http)
2023-07-09 15:56:03.511  INFO 10816 --- [main] o.apache.catalina.core.StandardService   : Starting service [Tomcat]
2023-07-09 15:56:03.511  INFO 10816 --- [main] org.apache.catalina.core.StandardEngine  : Starting Servlet engine: [Apache Tomcat/9.0.65]
2023-07-09 15:56:03.634  INFO 10816 --- [main] o.a.c.c.C.[Tomcat].[localhost].[/]       : Initializing Spring embedded WebApplicationContext
2023-07-09 15:56:03.634  INFO 10816 --- [main] w.s.c.ServletWebServerApplicationContext : Root WebApplicationContext: initialization completed in 1519 ms
2023-07-09 15:56:03.850  INFO 10816 --- [main] o.hibernate.jpa.internal.util.LogHelper  : HHH000204: Processing PersistenceUnitInfo [name: default]
2023-07-09 15:56:03.899  INFO 10816 --- [main] org.hibernate.Version                    : HHH000412: Hibernate ORM core version 5.6.10.Final
2023-07-09 15:56:04.073  INFO 10816 --- [main] o.hibernate.annotations.common.Version   : HCANN000001: Hibernate Commons Annotations {5.1.2.Final}
2023-07-09 15:56:04.177  INFO 10816 --- [main] com.zaxxer.hikari.HikariDataSource       : HikariPool-1 - Starting...
2023-07-09 15:56:04.524  INFO 10816 --- [main] com.zaxxer.hikari.HikariDataSource       : HikariPool-1 - Start completed.
2023-07-09 15:56:04.552  INFO 10816 --- [main] org.hibernate.dialect.Dialect            : HHH000400: Using dialect: org.hibernate.dialect.MySQL8Dialect
2023-07-09 15:56:05.248  INFO 10816 --- [main] o.h.e.t.j.p.i.JtaPlatformInitiator       : HHH000490: Using JtaPlatform implementation: [org.hibernate.engine.transaction.jta.platform.internal.NoJtaPlatform]
2023-07-09 15:56:05.255  INFO 10816 --- [main] j.LocalContainerEntityManagerFactoryBean : Initialized JPA EntityManagerFactory for persistence unit 'default'
2023-07-09 15:56:06.039  WARN 10816 --- [main] JpaBaseConfiguration$JpaWebConfiguration : spring.jpa.open-in-view is enabled by default. Therefore, database queries may be performed during view rendering. Explicitly configure spring.jpa.open-in-view to disable this warning
2023-07-09 15:56:06.223  INFO 10816 --- [main] o.s.b.a.w.s.WelcomePageHandlerMapping    : Adding welcome page template: index
2023-07-09 15:56:06.453  INFO 10816 --- [main] o.s.b.w.embedded.tomcat.TomcatWebServer  : Tomcat started on port(s): 8080 (http) with context path ''
2023-07-09 15:56:06.463  INFO 10816 --- [main] searchengine.Application                 : Started Application in 4.966 seconds (JVM running for 5.458)
2023-07-09 15:56:09.799  INFO 10816 --- [http-nio-8080-exec-1] o.a.c.c.C.[Tomcat].[localhost].[/]       : Initializing Spring DispatcherServlet 'dispatcherServlet'
2023-07-09 15:56:09.800  INFO 10816 --- [http-nio-8080-exec-1] o.s.web.servlet.DispatcherServlet        : Initializing Servlet 'dispatcherServlet'
2023-07-09 15:56:09.801  INFO 10816 --- [http-nio-8080-exec-1] o.s.web.servlet.DispatcherServlet        : Completed initialization in 1 ms
2023-07-09 15:56:13.582  INFO 10816 --- [http-nio-8080-exec-3] s.controllers.SearchController           : Поисковый запрос: новости
2023-07-09 15:56:13.855  INFO 10816 --- [http-nio-8080-exec-3] s.controllers.SearchController           : Леммы: [новость]
2023-07-09 15:56:18.424  INFO 10816 --- [http-nio-8080-exec-4] s.controllers.SearchController           : Поисковый запрос: новости
2023-07-09 15:56:18.427  INFO 10816 --- [http-nio-8080-exec-4] s.controllers.SearchController           : Леммы: [новость]
2023-07-09 16:48:22.470  WARN 10816 --- [HikariPool-1 housekeeper] com.zaxxer.hikari.pool.HikariPool        : HikariPool-1 - Thread starvation or clock leap detected (housekeeper delta=47s365ms41µs900ns).
2023-07-09 18:50:22.117  WARN 10816 --- [HikariPool-1 housekeeper] com.zaxxer.hikari.pool.HikariPool        : HikariPool-1 - Thread starvation or clock leap detected (housekeeper delta=1h29m59s547ms223µs).
2023-07-09 18:55:11.566  INFO 10816 --- [SpringApplicationShutdownHook] j.LocalContainerEntityManagerFactoryBean : Closing JPA EntityManagerFactory for persistence unit 'default'
2023-07-09 18:55:11.569  INFO 10816 --- [SpringApplicationShutdownHook] com.zaxxer.hikari.HikariDataSource       : HikariPool-1 - Shutdown initiated...
2023-07-09 18:55:11.576  INFO 10816 --- [SpringApplicationShutdownHook] com.zaxxer.hikari.HikariDataSource       : HikariPool-1 - Shutdown completed.
2023-07-09 18:55:14.206  INFO 11200 --- [main] searchengine.Application                 : Starting Application using Java 17.0.7 on DESKTOP-TJDGJRT with PID 11200 (F:\Information\SearhEngine\target\classes started by den11 in F:\Information\SearhEngine)
2023-07-09 18:55:14.210  INFO 11200 --- [main] searchengine.Application                 : The following 1 profile is active: "mysql"
2023-07-09 18:55:14.973  INFO 11200 --- [main] .s.d.r.c.RepositoryConfigurationDelegate : Bootstrapping Spring Data JPA repositories in DEFAULT mode.
2023-07-09 18:55:15.064  INFO 11200 --- [main] .s.d.r.c.RepositoryConfigurationDelegate : Finished Spring Data repository scanning in 80 ms. Found 5 JPA repository interfaces.
2023-07-09 18:55:15.802  INFO 11200 --- [main] o.s.b.w.embedded.tomcat.TomcatWebServer  : Tomcat initialized with port(s): 8080 (http)
2023-07-09 18:55:15.816  INFO 11200 --- [main] o.apache.catalina.core.StandardService   : Starting service [Tomcat]
2023-07-09 18:55:15.817  INFO 11200 --- [main] org.apache.catalina.core.StandardEngine  : Starting Servlet engine: [Apache Tomcat/9.0.65]
2023-07-09 18:55:15.960  INFO 11200 --- [main] o.a.c.c.C.[Tomcat].[localhost].[/]       : Initializing Spring embedded WebApplicationContext
2023-07-09 18:55:15.961  INFO 11200 --- [main] w.s.c.ServletWebServerApplicationContext : Root WebApplicationContext: initialization completed in 1686 ms
2023-07-09 18:55:16.186  INFO 11200 --- [main] o.hibernate.jpa.internal.util.LogHelper  : HHH000204: Processing PersistenceUnitInfo [name: default]
2023-07-09 18:55:16.241  INFO 11200 --- [main] org.hibernate.Version                    : HHH000412: Hibernate ORM core version 5.6.10.Final
2023-07-09 18:55:16.415  INFO 11200 --- [main] o.hibernate.annotations.common.Version   : HCANN000001: Hibernate Commons Annotations {5.1.2.Final}
2023-07-09 18:55:16.531  INFO 11200 --- [main] com.zaxxer.hikari.HikariDataSource       : HikariPool-1 - Starting...
2023-07-09 18:55:16.875  INFO 11200 --- [main] com.zaxxer.hikari.HikariDataSource       : HikariPool-1 - Start completed.
2023-07-09 18:55:16.907  INFO 11200 --- [main] org.hibernate.dialect.Dialect            : HHH000400: Using dialect: org.hibernate.dialect.MySQL8Dialect
2023-07-09 18:55:17.649  INFO 11200 --- [main] o.h.e.t.j.p.i.JtaPlatformInitiator       : HHH000490: Using JtaPlatform implementation: [org.hibernate.engine.transaction.jta.platform.internal.NoJtaPlatform]
2023-07-09 18:55:17.659  INFO 11200 --- [main] j.LocalContainerEntityManagerFactoryBean : Initialized JPA EntityManagerFactory for persistence unit 'default'
2023-07-09 18:55:18.516  WARN 11200 --- [main] JpaBaseConfiguration$JpaWebConfiguration : spring.jpa.open-in-view is enabled by default. Therefore, database queries may be performed during view rendering. Explicitly configure spring.jpa.open-in-view to disable this warning
2023-07-09 18:55:18.679  INFO 11200 --- [main] o.s.b.a.w.s.WelcomePageHandlerMapping    : Adding welcome page template: index
2023-07-09 18:55:18.905  INFO 11200 --- [main] o.s.b.w.embedded.tomcat.TomcatWebServer  : Tomcat started on port(s): 8080 (http) with context path ''
2023-07-09 18:55:18.918  INFO 11200 --- [main] searchengine.Application                 : Started Application in 5.243 seconds (JVM running for 5.728)
2023-07-09 18:55:21.824  INFO 11200 --- [http-nio-8080-exec-1] o.a.c.c.C.[Tomcat].[localhost].[/]       : Initializing Spring DispatcherServlet 'dispatcherServlet'
2023-07-09 18:55:21.824  INFO 11200 --- [http-nio-8080-exec-1] o.s.web.servlet.DispatcherServlet        : Initializing Servlet 'dispatcherServlet'
2023-07-09 18:55:21.825  INFO 11200 --- [http-nio-8080-exec-1] o.s.web.servlet.DispatcherServlet        : Completed initialization in 1 ms
2023-07-09 18:55:35.925  INFO 11200 --- [pool-2-thread-1] searchengine.builders.SiteBuilder        : Сайт "jut.su" индексируется
2023-07-09 18:55:35.969  INFO 11200 --- [pool-2-thread-1] searchengine.builders.IndexBuilder       : 		Сайт "jut.su": строим леммы и индексы
2023-07-09 18:55:35.971  INFO 11200 --- [pool-2-thread-1] searchengine.builders.IndexBuilder       : 		Сайт "jut.su": cохраняем леммы
2023-07-09 18:55:35.974  INFO 11200 --- [pool-2-thread-1] searchengine.builders.IndexBuilder       : 		Сайт "jut.su": cохраняем индексы
2023-07-09 18:55:35.977  INFO 11200 --- [pool-2-thread-1] searchengine.builders.IndexBuilder       : 		Сайт "jut.su": всего сохранено страниц - 0
2023-07-09 18:55:35.980  INFO 11200 --- [pool-2-thread-1] searchengine.builders.SiteBuilder        : 		Сайт "jut.su" построен за 0 сек
2023-07-09 18:55:57.969  INFO 11200 --- [pool-2-thread-2] searchengine.builders.SiteBuilder        : Сайт "Lichess" индексируется
2023-07-09 18:55:57.972  INFO 11200 --- [pool-2-thread-2] searchengine.builders.IndexBuilder       : 		Сайт "Lichess": строим леммы и индексы
2023-07-09 18:55:57.972  INFO 11200 --- [pool-2-thread-2] searchengine.builders.IndexBuilder       : 		Сайт "Lichess": cохраняем леммы
2023-07-09 18:55:57.974  INFO 11200 --- [pool-2-thread-2] searchengine.builders.IndexBuilder       : 		Сайт "Lichess": cохраняем индексы
2023-07-09 18:55:57.974  INFO 11200 --- [pool-2-thread-2] searchengine.builders.IndexBuilder       : 		Сайт "Lichess": всего сохранено страниц - 0
2023-07-09 18:55:57.974  INFO 11200 --- [pool-2-thread-2] searchengine.builders.SiteBuilder        : 		Сайт "Lichess" построен за 0 сек
2023-07-09 18:55:59.473  INFO 11200 --- [pool-2-thread-3] searchengine.builders.SiteBuilder        : Сайт "PlayBack.ru" индексируется
2023-07-09 18:55:59.475  INFO 11200 --- [pool-2-thread-3] searchengine.builders.IndexBuilder       : 		Сайт "PlayBack.ru": строим леммы и индексы
2023-07-09 18:55:59.476  INFO 11200 --- [pool-2-thread-3] searchengine.builders.IndexBuilder       : 		Сайт "PlayBack.ru": cохраняем леммы
2023-07-09 18:55:59.477  INFO 11200 --- [pool-2-thread-3] searchengine.builders.IndexBuilder       : 		Сайт "PlayBack.ru": cохраняем индексы
2023-07-09 18:55:59.477  INFO 11200 --- [pool-2-thread-3] searchengine.builders.IndexBuilder       : 		Сайт "PlayBack.ru": всего сохранено страниц - 0
2023-07-09 18:55:59.477  INFO 11200 --- [pool-2-thread-3] searchengine.builders.SiteBuilder        : 		Сайт "PlayBack.ru" построен за 0 сек
2023-07-09 18:55:59.478  INFO 11200 --- [pool-2-thread-4] searchengine.builders.SiteBuilder        : Сайт "Вышний Волочёк" индексируется
2023-07-09 18:55:59.481  INFO 11200 --- [pool-2-thread-4] searchengine.builders.IndexBuilder       : 		Сайт "Вышний Волочёк": строим леммы и индексы
2023-07-09 18:55:59.482  INFO 11200 --- [pool-2-thread-4] searchengine.builders.IndexBuilder       : 		Сайт "Вышний Волочёк": cохраняем леммы
2023-07-09 18:55:59.483  INFO 11200 --- [pool-2-thread-4] searchengine.builders.IndexBuilder       : 		Сайт "Вышний Волочёк": cохраняем индексы
2023-07-09 18:55:59.483  INFO 11200 --- [pool-2-thread-4] searchengine.builders.IndexBuilder       : 		Сайт "Вышний Волочёк": всего сохранено страниц - 0
2023-07-09 18:55:59.483  INFO 11200 --- [pool-2-thread-4] searchengine.builders.SiteBuilder        : 		Сайт "Вышний Волочёк" построен за 0 сек
2023-07-09 18:55:59.484  INFO 11200 --- [pool-2-thread-5] searchengine.builders.SiteBuilder        : Сайт "Милицейская волна" индексируется
2023-07-09 18:55:59.487  INFO 11200 --- [pool-2-thread-5] searchengine.builders.IndexBuilder       : 		Сайт "Милицейская волна": строим леммы и индексы
2023-07-09 18:55:59.487  INFO 11200 --- [pool-2-thread-5] searchengine.builders.IndexBuilder       : 		Сайт "Милицейская волна": cохраняем леммы
2023-07-09 18:55:59.489  INFO 11200 --- [pool-2-thread-5] searchengine.builders.IndexBuilder       : 		Сайт "Милицейская волна": cохраняем индексы
2023-07-09 18:55:59.489  INFO 11200 --- [pool-2-thread-5] searchengine.builders.IndexBuilder       : 		Сайт "Милицейская волна": всего сохранено страниц - 0
2023-07-09 18:55:59.489  INFO 11200 --- [pool-2-thread-5] searchengine.builders.SiteBuilder        : 		Сайт "Милицейская волна" построен за 0 сек
2023-07-09 18:55:59.492  INFO 11200 --- [pool-2-thread-6] searchengine.builders.SiteBuilder        : Сайт "GoogleEarth" индексируется
2023-07-09 18:55:59.495  INFO 11200 --- [pool-2-thread-6] searchengine.builders.IndexBuilder       : 		Сайт "GoogleEarth": строим леммы и индексы
2023-07-09 18:55:59.495  INFO 11200 --- [pool-2-thread-6] searchengine.builders.IndexBuilder       : 		Сайт "GoogleEarth": cохраняем леммы
2023-07-09 18:55:59.497  INFO 11200 --- [pool-2-thread-6] searchengine.builders.IndexBuilder       : 		Сайт "GoogleEarth": cохраняем индексы
2023-07-09 18:55:59.497  INFO 11200 --- [pool-2-thread-6] searchengine.builders.IndexBuilder       : 		Сайт "GoogleEarth": всего сохранено страниц - 0
2023-07-09 18:55:59.497  INFO 11200 --- [pool-2-thread-6] searchengine.builders.SiteBuilder        : 		Сайт "GoogleEarth" построен за 0 сек
2023-07-09 18:55:59.500  INFO 11200 --- [pool-2-thread-7] searchengine.builders.SiteBuilder        : Сайт "юургау" индексируется
2023-07-09 18:55:59.507  INFO 11200 --- [pool-2-thread-8] searchengine.builders.SiteBuilder        : Сайт "Lichess" индексируется
2023-07-09 18:55:59.510  INFO 11200 --- [pool-2-thread-8] searchengine.builders.IndexBuilder       : 		Сайт "Lichess": строим леммы и индексы
2023-07-09 18:55:59.510  INFO 11200 --- [pool-2-thread-8] searchengine.builders.IndexBuilder       : 		Сайт "Lichess": cохраняем леммы
2023-07-09 18:55:59.511  INFO 11200 --- [pool-2-thread-8] searchengine.builders.IndexBuilder       : 		Сайт "Lichess": cохраняем индексы
2023-07-09 18:55:59.512  INFO 11200 --- [pool-2-thread-8] searchengine.builders.IndexBuilder       : 		Сайт "Lichess": всего сохранено страниц - 0
2023-07-09 18:55:59.512  INFO 11200 --- [pool-2-thread-8] searchengine.builders.SiteBuilder        : 		Сайт "Lichess" построен за 0 сек
2023-07-09 18:55:59.514  INFO 11200 --- [pool-2-thread-9] searchengine.builders.SiteBuilder        : Сайт "jut.su" индексируется
2023-07-09 18:55:59.517  INFO 11200 --- [pool-2-thread-9] searchengine.builders.IndexBuilder       : 		Сайт "jut.su": строим леммы и индексы
2023-07-09 18:55:59.517  INFO 11200 --- [pool-2-thread-9] searchengine.builders.IndexBuilder       : 		Сайт "jut.su": cохраняем леммы
2023-07-09 18:55:59.518  INFO 11200 --- [pool-2-thread-9] searchengine.builders.IndexBuilder       : 		Сайт "jut.su": cохраняем индексы
2023-07-09 18:55:59.518  INFO 11200 --- [pool-2-thread-9] searchengine.builders.IndexBuilder       : 		Сайт "jut.su": всего сохранено страниц - 0
2023-07-09 18:55:59.518  INFO 11200 --- [pool-2-thread-9] searchengine.builders.SiteBuilder        : 		Сайт "jut.su" построен за 0 сек
2023-07-09 18:55:59.521  INFO 11200 --- [pool-2-thread-10] searchengine.builders.SiteBuilder        : Сайт "Лента.ру" индексируется
2023-07-09 18:55:59.525  INFO 11200 --- [pool-2-thread-10] searchengine.builders.IndexBuilder       : 		Сайт "Лента.ру": строим леммы и индексы
2023-07-09 18:55:59.526  INFO 11200 --- [pool-2-thread-10] searchengine.builders.IndexBuilder       : 		Сайт "Лента.ру": cохраняем леммы
2023-07-09 18:55:59.528  INFO 11200 --- [pool-2-thread-10] searchengine.builders.IndexBuilder       : 		Сайт "Лента.ру": cохраняем индексы
2023-07-09 18:55:59.528  INFO 11200 --- [pool-2-thread-10] searchengine.builders.IndexBuilder       : 		Сайт "Лента.ру": всего сохранено страниц - 0
2023-07-09 18:55:59.528  INFO 11200 --- [pool-2-thread-10] searchengine.builders.SiteBuilder        : 		Сайт "Лента.ру" построен за 0 сек
2023-07-09 18:55:59.560  INFO 11200 --- [pool-2-thread-7] searchengine.builders.IndexBuilder       : 		Сайт "юургау": строим леммы и индексы
2023-07-09 18:55:59.560  INFO 11200 --- [pool-2-thread-7] searchengine.builders.IndexBuilder       : 		Сайт "юургау": cохраняем леммы
2023-07-09 18:55:59.562  INFO 11200 --- [pool-2-thread-7] searchengine.builders.IndexBuilder       : 		Сайт "юургау": cохраняем индексы
2023-07-09 18:55:59.562  INFO 11200 --- [pool-2-thread-7] searchengine.builders.IndexBuilder       : 		Сайт "юургау": всего сохранено страниц - 0
2023-07-09 18:55:59.562  INFO 11200 --- [pool-2-thread-7] searchengine.builders.SiteBuilder        : 		Сайт "юургау" построен за 0 сек
2023-07-09 18:56:31.753  INFO 11200 --- [http-nio-8080-exec-2] s.controllers.SearchController           : Поисковый запрос: гинтама
2023-07-09 18:56:32.030  INFO 11200 --- [http-nio-8080-exec-2] s.controllers.SearchController           : Леммы: [гинтам]
2023-07-09 18:56:40.886  INFO 11200 --- [http-nio-8080-exec-3] s.controllers.SearchController           : Поисковый запрос: gintamas
2023-07-09 18:56:41.860  INFO 11200 --- [http-nio-8080-exec-4] s.controllers.SearchController           : Поисковый запрос: gintamas
2023-07-09 18:57:18.862  INFO 11200 --- [pool-2-thread-11] searchengine.builders.SiteBuilder        : Сайт "PlayBack.ru" индексируется
2023-07-09 18:57:18.864  INFO 11200 --- [pool-2-thread-11] searchengine.builders.IndexBuilder       : 		Сайт "PlayBack.ru": строим леммы и индексы
2023-07-09 18:57:18.864  INFO 11200 --- [pool-2-thread-11] searchengine.builders.IndexBuilder       : 		Сайт "PlayBack.ru": cохраняем леммы
2023-07-09 18:57:18.865  INFO 11200 --- [pool-2-thread-11] searchengine.builders.IndexBuilder       : 		Сайт "PlayBack.ru": cохраняем индексы
2023-07-09 18:57:18.866  INFO 11200 --- [pool-2-thread-11] searchengine.builders.IndexBuilder       : 		Сайт "PlayBack.ru": всего сохранено страниц - 0
2023-07-09 18:57:18.866  INFO 11200 --- [pool-2-thread-11] searchengine.builders.SiteBuilder        : 		Сайт "PlayBack.ru" построен за 0 сек
2023-07-09 18:57:18.866  INFO 11200 --- [pool-2-thread-12] searchengine.builders.SiteBuilder        : Сайт "Вышний Волочёк" индексируется
2023-07-09 18:57:18.869  INFO 11200 --- [pool-2-thread-12] searchengine.builders.IndexBuilder       : 		Сайт "Вышний Волочёк": строим леммы и индексы
2023-07-09 18:57:18.869  INFO 11200 --- [pool-2-thread-12] searchengine.builders.IndexBuilder       : 		Сайт "Вышний Волочёк": cохраняем леммы
2023-07-09 18:57:18.870  INFO 11200 --- [pool-2-thread-12] searchengine.builders.IndexBuilder       : 		Сайт "Вышний Волочёк": cохраняем индексы
2023-07-09 18:57:18.870  INFO 11200 --- [pool-2-thread-1] searchengine.builders.SiteBuilder        : Сайт "Милицейская волна" индексируется
2023-07-09 18:57:18.871  INFO 11200 --- [pool-2-thread-12] searchengine.builders.IndexBuilder       : 		Сайт "Вышний Волочёк": всего сохранено страниц - 0
2023-07-09 18:57:18.871  INFO 11200 --- [pool-2-thread-12] searchengine.builders.SiteBuilder        : 		Сайт "Вышний Волочёк" построен за 0 сек
2023-07-09 18:57:18.873  INFO 11200 --- [pool-2-thread-1] searchengine.builders.IndexBuilder       : 		Сайт "Милицейская волна": строим леммы и индексы
2023-07-09 18:57:18.873  INFO 11200 --- [pool-2-thread-1] searchengine.builders.IndexBuilder       : 		Сайт "Милицейская волна": cохраняем леммы
2023-07-09 18:57:18.874  INFO 11200 --- [pool-2-thread-1] searchengine.builders.IndexBuilder       : 		Сайт "Милицейская волна": cохраняем индексы
2023-07-09 18:57:18.874  INFO 11200 --- [pool-2-thread-1] searchengine.builders.IndexBuilder       : 		Сайт "Милицейская волна": всего сохранено страниц - 0
2023-07-09 18:57:18.874  INFO 11200 --- [pool-2-thread-1] searchengine.builders.SiteBuilder        : 		Сайт "Милицейская волна" построен за 0 сек
2023-07-09 18:57:18.877  INFO 11200 --- [pool-2-thread-2] searchengine.builders.SiteBuilder        : Сайт "GoogleEarth" индексируется
2023-07-09 18:57:18.880  INFO 11200 --- [pool-2-thread-2] searchengine.builders.IndexBuilder       : 		Сайт "GoogleEarth": строим леммы и индексы
2023-07-09 18:57:18.880  INFO 11200 --- [pool-2-thread-2] searchengine.builders.IndexBuilder       : 		Сайт "GoogleEarth": cохраняем леммы
2023-07-09 18:57:18.881  INFO 11200 --- [pool-2-thread-2] searchengine.builders.IndexBuilder       : 		Сайт "GoogleEarth": cохраняем индексы
2023-07-09 18:57:18.882  INFO 11200 --- [pool-2-thread-2] searchengine.builders.IndexBuilder       : 		Сайт "GoogleEarth": всего сохранено страниц - 0
2023-07-09 18:57:18.882  INFO 11200 --- [pool-2-thread-2] searchengine.builders.SiteBuilder        : 		Сайт "GoogleEarth" построен за 0 сек
2023-07-09 18:57:18.884  INFO 11200 --- [pool-2-thread-3] searchengine.builders.SiteBuilder        : Сайт "юургау" индексируется
2023-07-09 18:57:18.887  INFO 11200 --- [pool-2-thread-3] searchengine.builders.IndexBuilder       : 		Сайт "юургау": строим леммы и индексы
2023-07-09 18:57:18.887  INFO 11200 --- [pool-2-thread-3] searchengine.builders.IndexBuilder       : 		Сайт "юургау": cохраняем леммы
2023-07-09 18:57:18.888  INFO 11200 --- [pool-2-thread-3] searchengine.builders.IndexBuilder       : 		Сайт "юургау": cохраняем индексы
2023-07-09 18:57:18.888  INFO 11200 --- [pool-2-thread-3] searchengine.builders.IndexBuilder       : 		Сайт "юургау": всего сохранено страниц - 0
2023-07-09 18:57:18.888  INFO 11200 --- [pool-2-thread-3] searchengine.builders.SiteBuilder        : 		Сайт "юургау" построен за 0 сек
2023-07-09 18:57:18.889  INFO 11200 --- [pool-2-thread-5] searchengine.builders.SiteBuilder        : Сайт "Lichess" индексируется
2023-07-09 18:57:18.892  INFO 11200 --- [pool-2-thread-5] searchengine.builders.IndexBuilder       : 		Сайт "Lichess": строим леммы и индексы
2023-07-09 18:57:18.893  INFO 11200 --- [pool-2-thread-5] searchengine.builders.IndexBuilder       : 		Сайт "Lichess": cохраняем леммы
2023-07-09 18:57:18.894  INFO 11200 --- [pool-2-thread-5] searchengine.builders.IndexBuilder       : 		Сайт "Lichess": cохраняем индексы
2023-07-09 18:57:18.895  INFO 11200 --- [pool-2-thread-5] searchengine.builders.IndexBuilder       : 		Сайт "Lichess": всего сохранено страниц - 0
2023-07-09 18:57:18.895  INFO 11200 --- [pool-2-thread-5] searchengine.builders.SiteBuilder        : 		Сайт "Lichess" построен за 0 сек
2023-07-09 18:57:18.897  INFO 11200 --- [pool-2-thread-4] searchengine.builders.SiteBuilder        : Сайт "jut.su" индексируется
2023-07-09 18:57:18.900  INFO 11200 --- [pool-2-thread-4] searchengine.builders.IndexBuilder       : 		Сайт "jut.su": строим леммы и индексы
2023-07-09 18:57:18.900  INFO 11200 --- [pool-2-thread-4] searchengine.builders.IndexBuilder       : 		Сайт "jut.su": cохраняем леммы
2023-07-09 18:57:18.901  INFO 11200 --- [pool-2-thread-4] searchengine.builders.IndexBuilder       : 		Сайт "jut.su": cохраняем индексы
2023-07-09 18:57:18.902  INFO 11200 --- [pool-2-thread-4] searchengine.builders.IndexBuilder       : 		Сайт "jut.su": всего сохранено страниц - 0
2023-07-09 18:57:18.902  INFO 11200 --- [pool-2-thread-4] searchengine.builders.SiteBuilder        : 		Сайт "jut.su" построен за 0 сек
2023-07-09 18:57:18.905  INFO 11200 --- [pool-2-thread-6] searchengine.builders.SiteBuilder        : Сайт "Лента.ру" индексируется
2023-07-09 18:57:18.911  INFO 11200 --- [pool-2-thread-6] searchengine.builders.IndexBuilder       : 		Сайт "Лента.ру": строим леммы и индексы
2023-07-09 18:57:18.912  INFO 11200 --- [pool-2-thread-6] searchengine.builders.IndexBuilder       : 		Сайт "Лента.ру": cохраняем леммы
2023-07-09 18:57:18.914  INFO 11200 --- [pool-2-thread-6] searchengine.builders.IndexBuilder       : 		Сайт "Лента.ру": cохраняем индексы
2023-07-09 18:57:18.914  INFO 11200 --- [pool-2-thread-6] searchengine.builders.IndexBuilder       : 		Сайт "Лента.ру": всего сохранено страниц - 0
2023-07-09 18:57:18.914  INFO 11200 --- [pool-2-thread-6] searchengine.builders.SiteBuilder        : 		Сайт "Лента.ру" построен за 0 сек
2023-07-09 19:06:05.900  INFO 11200 --- [SpringApplicationShutdownHook] j.LocalContainerEntityManagerFactoryBean : Closing JPA EntityManagerFactory for persistence unit 'default'
2023-07-09 19:06:05.902  INFO 11200 --- [SpringApplicationShutdownHook] com.zaxxer.hikari.HikariDataSource       : HikariPool-1 - Shutdown initiated...
2023-07-09 19:06:05.909  INFO 11200 --- [SpringApplicationShutdownHook] com.zaxxer.hikari.HikariDataSource       : HikariPool-1 - Shutdown completed.
